[debug] [2024-11-03T20:11:45.638Z] ----------------------------------------------------------------------
[debug] [2024-11-03T20:11:45.646Z] Command:       C:\Program Files\nodejs\node.exe C:\Users\Jon Wick\AppData\Roaming\npm\node_modules\firebase-tools\lib\bin\firebase.js init
[debug] [2024-11-03T20:11:45.647Z] CLI Version:   13.23.1
[debug] [2024-11-03T20:11:45.648Z] Platform:      win32
[debug] [2024-11-03T20:11:45.648Z] Node Version:  v22.7.0
[debug] [2024-11-03T20:11:45.649Z] Time:          Mon Nov 04 2024 01:11:45 GMT+0500 (Pakistan Standard Time)
[debug] [2024-11-03T20:11:45.649Z] ----------------------------------------------------------------------
[debug] 
[debug] [2024-11-03T20:11:45.669Z] > command requires scopes: ["email","openid","https://www.googleapis.com/auth/cloudplatformprojects.readonly","https://www.googleapis.com/auth/firebase","https://www.googleapis.com/auth/cloud-platform"]
[debug] [2024-11-03T20:11:45.670Z] > authorizing via signed-in user (zahakh113@gmail.com)
[info] 
     ######## #### ########  ######## ########     ###     ######  ########
     ##        ##  ##     ## ##       ##     ##  ##   ##  ##       ##
     ######    ##  ########  ######   ########  #########  ######  ######
     ##        ##  ##    ##  ##       ##     ## ##     ##       ## ##
     ##       #### ##     ## ######## ########  ##     ##  ######  ########

You're about to initialize a Firebase project in this directory:

  C:\Users\Jon Wick\Desktop\Hackathon\Tasks\collaborative-notes-app

[info] 
=== Project Setup
[info] 
[info] First, let's associate this project directory with a Firebase project.
[info] You can create multiple project aliases by running firebase use --add, 
[info] but for now we'll just set up a default project.
[info] 
[debug] [2024-11-03T20:12:20.860Z] Checked if tokens are valid: true, expires at: 1730667054171
[debug] [2024-11-03T20:12:20.860Z] Checked if tokens are valid: true, expires at: 1730667054171
[debug] [2024-11-03T20:12:20.886Z] >>> [apiv2][query] GET https://firebase.googleapis.com/v1beta1/projects pageSize=100
[debug] [2024-11-03T20:12:22.105Z] <<< [apiv2][status] GET https://firebase.googleapis.com/v1beta1/projects 200
[debug] [2024-11-03T20:12:22.106Z] <<< [apiv2][body] GET https://firebase.googleapis.com/v1beta1/projects [omitted]
[info] i  Using project study-notes-app-464e1 (study-notes-app) 
[info] 
=== Dataconnect Setup
[debug] [2024-11-03T20:12:26.267Z] Checked if tokens are valid: true, expires at: 1730667054171
[debug] [2024-11-03T20:12:26.267Z] Checked if tokens are valid: true, expires at: 1730667054171
[debug] [2024-11-03T20:12:26.267Z] >>> [apiv2][query] GET https://cloudbilling.googleapis.com/v1/projects/study-notes-app-464e1/billingInfo [none]
[debug] [2024-11-03T20:12:29.364Z] <<< [apiv2][status] GET https://cloudbilling.googleapis.com/v1/projects/study-notes-app-464e1/billingInfo 200
[debug] [2024-11-03T20:12:29.365Z] <<< [apiv2][body] GET https://cloudbilling.googleapis.com/v1/projects/study-notes-app-464e1/billingInfo {"name":"projects/study-notes-app-464e1/billingInfo","projectId":"study-notes-app-464e1","billingAccountName":"","billingEnabled":false}
[info] i  dataconnect: ensuring required API sqladmin.googleapis.com is enabled... 
[debug] [2024-11-03T20:12:29.366Z] Checked if tokens are valid: true, expires at: 1730667054171
[debug] [2024-11-03T20:12:29.366Z] Checked if tokens are valid: true, expires at: 1730667054171
[debug] [2024-11-03T20:12:29.367Z] >>> [apiv2][query] GET https://serviceusage.googleapis.com/v1/projects/study-notes-app-464e1/services/sqladmin.googleapis.com [none]
[debug] [2024-11-03T20:12:29.367Z] >>> [apiv2][(partial)header] GET https://serviceusage.googleapis.com/v1/projects/study-notes-app-464e1/services/sqladmin.googleapis.com x-goog-quota-user=projects/study-notes-app-464e1
[debug] [2024-11-03T20:12:32.079Z] <<< [apiv2][status] GET https://serviceusage.googleapis.com/v1/projects/study-notes-app-464e1/services/sqladmin.googleapis.com 200
[debug] [2024-11-03T20:12:32.079Z] <<< [apiv2][body] GET https://serviceusage.googleapis.com/v1/projects/study-notes-app-464e1/services/sqladmin.googleapis.com [omitted]
[info] +  dataconnect: required API sqladmin.googleapis.com is enabled 
[info] +  Wrote dataconnect\dataconnect.yaml 
[info] +  Wrote dataconnect\schema\schema.gql 
[info] +  Wrote dataconnect\connector\connector.yaml 
[info] +  Wrote dataconnect\connector\queries.gql 
[info] +  Wrote dataconnect\connector\mutations.gql 
[info] +  Detected WEB app in directory C:\Users\Jon Wick\Desktop\Hackathon\Tasks\collaborative-notes-app 
[info] i  Wrote new config to C:\Users\Jon Wick\Desktop\Hackathon\Tasks\collaborative-notes-app\dataconnect\connector/connector.yaml 
[info] I1104 01:14:47.748863   12476 codegen.go:82] [connector "default" javascriptSdk] Generating sources into "C:\\Users\\Jon Wick\\Desktop\\Hackathon\\Tasks\\collaborative-notes-app\\dataconnect-generated\\js\\default-connector"
I1104 01:14:47.752859   12476 generate.go:40] Generated all sources. Writing them to disk...
I1104 01:14:47.765847   12476 collector.go:107] connector "default" javascriptSdk wrote into "C:\\Users\\Jon Wick\\Desktop\\Hackathon\\Tasks\\collaborative-notes-app\\dataconnect-generated\\js\\default-connector"
Generated sources: package.json [623B] index.d.ts [264B] esm\index.esm.js [196B] esm\package.json [17B] index.cjs.js [237B] 
I1104 01:14:53.245711   12476 installsdk.go:76] Running command: C:\Program Files\nodejs\npm.cmd install file:dataconnect-generated\js\default-connector

[info] i  Generated SDK code for default 
[info] +  If you'd like to add more generated SDKs to your app your later, run firebase init dataconnect:sdk again 
[info] i  If you'd like to provision a CloudSQL Postgres instance on the Firebase Data Connect no-cost trial:
1. Please upgrade to the pay-as-you-go (Blaze) billing plan. Visit the following page:
     https://console.firebase.google.com/project/study-notes-app-464e1/usage/details
2. Run firebase init dataconnect again to configure the Cloud SQL instance.
3. Run firebase deploy --only dataconnect to deploy your Data Connect service. 
[info] 
=== Firestore Setup
[debug] [2024-11-03T20:16:08.493Z] Checked if tokens are valid: true, expires at: 1730667054171
[debug] [2024-11-03T20:16:08.493Z] Checked if tokens are valid: true, expires at: 1730667054171
[debug] [2024-11-03T20:16:08.493Z] >>> [apiv2][query] GET https://serviceusage.googleapis.com/v1/projects/study-notes-app-464e1/services/firestore.googleapis.com [none]
[debug] [2024-11-03T20:16:08.493Z] >>> [apiv2][(partial)header] GET https://serviceusage.googleapis.com/v1/projects/study-notes-app-464e1/services/firestore.googleapis.com x-goog-quota-user=projects/study-notes-app-464e1
[debug] [2024-11-03T20:16:10.950Z] <<< [apiv2][status] GET https://serviceusage.googleapis.com/v1/projects/study-notes-app-464e1/services/firestore.googleapis.com 200
[debug] [2024-11-03T20:16:10.951Z] <<< [apiv2][body] GET https://serviceusage.googleapis.com/v1/projects/study-notes-app-464e1/services/firestore.googleapis.com [omitted]
[debug] [2024-11-03T20:16:10.951Z] Checked if tokens are valid: true, expires at: 1730667054171
[debug] [2024-11-03T20:16:10.952Z] Checked if tokens are valid: true, expires at: 1730667054171
[debug] [2024-11-03T20:16:10.952Z] >>> [apiv2][query] GET https://firestore.googleapis.com/v1/projects/study-notes-app-464e1/databases/(default) [none]
[debug] [2024-11-03T20:16:13.625Z] <<< [apiv2][status] GET https://firestore.googleapis.com/v1/projects/study-notes-app-464e1/databases/(default) 200
[debug] [2024-11-03T20:16:13.625Z] <<< [apiv2][body] GET https://firestore.googleapis.com/v1/projects/study-notes-app-464e1/databases/(default) {"name":"projects/study-notes-app-464e1/databases/(default)","uid":"3c375053-17c9-4810-a102-364857c7043e","createTime":"2024-11-03T07:06:52.793716Z","updateTime":"2024-11-03T07:06:52.793716Z","locationId":"nam5","type":"FIRESTORE_NATIVE","concurrencyMode":"PESSIMISTIC","versionRetentionPeriod":"3600s","earliestVersionTime":"2024-11-03T19:16:17.941666Z","appEngineIntegrationMode":"DISABLED","keyPrefix":"s","pointInTimeRecoveryEnablement":"POINT_IN_TIME_RECOVERY_DISABLED","deleteProtectionState":"DELETE_PROTECTION_DISABLED","etag":"IKyE8bn9wIkDMLmg8cbNv4kD"}
[debug] [2024-11-03T20:16:13.625Z] database_type: FIRESTORE_NATIVE
[debug] [2024-11-03T20:16:13.625Z] database_type: FIRESTORE_NATIVE
[debug] [2024-11-03T20:16:13.626Z] > command requires scopes: ["email","openid","https://www.googleapis.com/auth/cloudplatformprojects.readonly","https://www.googleapis.com/auth/firebase","https://www.googleapis.com/auth/cloud-platform"]
[debug] [2024-11-03T20:16:13.626Z] > authorizing via signed-in user (zahakh113@gmail.com)
[debug] [2024-11-03T20:16:13.626Z] [iam] checking project study-notes-app-464e1 for permissions ["firebase.projects.get"]
[debug] [2024-11-03T20:16:13.627Z] Checked if tokens are valid: true, expires at: 1730667054171
[debug] [2024-11-03T20:16:13.627Z] Checked if tokens are valid: true, expires at: 1730667054171
[debug] [2024-11-03T20:16:13.628Z] >>> [apiv2][query] POST https://cloudresourcemanager.googleapis.com/v1/projects/study-notes-app-464e1:testIamPermissions [none]
[debug] [2024-11-03T20:16:13.628Z] >>> [apiv2][(partial)header] POST https://cloudresourcemanager.googleapis.com/v1/projects/study-notes-app-464e1:testIamPermissions x-goog-quota-user=projects/study-notes-app-464e1
[debug] [2024-11-03T20:16:13.628Z] >>> [apiv2][body] POST https://cloudresourcemanager.googleapis.com/v1/projects/study-notes-app-464e1:testIamPermissions {"permissions":["firebase.projects.get"]}
[debug] [2024-11-03T20:16:15.522Z] <<< [apiv2][status] POST https://cloudresourcemanager.googleapis.com/v1/projects/study-notes-app-464e1:testIamPermissions 200
[debug] [2024-11-03T20:16:15.522Z] <<< [apiv2][body] POST https://cloudresourcemanager.googleapis.com/v1/projects/study-notes-app-464e1:testIamPermissions {"permissions":["firebase.projects.get"]}
[info] 
[info] Firestore Security Rules allow you to define how and when to allow
[info] requests. You can keep these rules in your project directory
[info] and publish them with firebase deploy.
[info] 
[debug] [2024-11-03T20:33:25.753Z] Checked if tokens are valid: true, expires at: 1730667054171
[debug] [2024-11-03T20:33:25.754Z] Checked if tokens are valid: true, expires at: 1730667054171
[debug] [2024-11-03T20:33:25.755Z] >>> [apiv2][query] GET https://firebaserules.googleapis.com/v1/projects/study-notes-app-464e1/releases pageSize=10&pageToken=
[debug] [2024-11-03T20:33:27.491Z] <<< [apiv2][status] GET https://firebaserules.googleapis.com/v1/projects/study-notes-app-464e1/releases 200
[debug] [2024-11-03T20:33:27.492Z] <<< [apiv2][body] GET https://firebaserules.googleapis.com/v1/projects/study-notes-app-464e1/releases {"releases":[{"name":"projects/study-notes-app-464e1/releases/cloud.firestore","rulesetName":"projects/study-notes-app-464e1/rulesets/b8629398-4b57-491d-bee3-112c4221b23b","createTime":"2024-11-03T07:07:05.540402Z","updateTime":"2024-11-03T19:28:17.444821Z"}]}
[debug] [2024-11-03T20:33:27.492Z] Found ruleset: projects/study-notes-app-464e1/rulesets/b8629398-4b57-491d-bee3-112c4221b23b
[debug] [2024-11-03T20:33:27.493Z] Checked if tokens are valid: true, expires at: 1730667054171
[debug] [2024-11-03T20:33:27.493Z] Checked if tokens are valid: true, expires at: 1730667054171
[debug] [2024-11-03T20:33:27.493Z] >>> [apiv2][query] GET https://firebaserules.googleapis.com/v1/projects/study-notes-app-464e1/rulesets/b8629398-4b57-491d-bee3-112c4221b23b [none]
[debug] [2024-11-03T20:33:28.968Z] <<< [apiv2][status] GET https://firebaserules.googleapis.com/v1/projects/study-notes-app-464e1/rulesets/b8629398-4b57-491d-bee3-112c4221b23b 200
[debug] [2024-11-03T20:33:28.968Z] <<< [apiv2][body] GET https://firebaserules.googleapis.com/v1/projects/study-notes-app-464e1/rulesets/b8629398-4b57-491d-bee3-112c4221b23b [omitted]
[info] 
[info] Firestore indexes allow you to perform complex queries while
[info] maintaining performance that scales with the size of the result
[info] set. You can keep index definitions in your project directory
[info] and publish them with firebase deploy.
[info] 
[debug] [2024-11-03T20:33:36.789Z] Checked if tokens are valid: true, expires at: 1730667054171
[debug] [2024-11-03T20:33:36.789Z] Checked if tokens are valid: true, expires at: 1730667054171
[debug] [2024-11-03T20:33:36.789Z] Checked if tokens are valid: true, expires at: 1730667054171
[debug] [2024-11-03T20:33:36.789Z] Checked if tokens are valid: true, expires at: 1730667054171
[debug] [2024-11-03T20:33:36.790Z] >>> [apiv2][query] GET https://firestore.googleapis.com/v1/projects/study-notes-app-464e1/databases/(default)/collectionGroups/-/indexes [none]
[debug] [2024-11-03T20:33:36.795Z] >>> [apiv2][query] GET https://firestore.googleapis.com/v1/projects/study-notes-app-464e1/databases/(default)/collectionGroups/-/fields?filter=indexConfig.usesAncestorConfig=false OR ttlConfig:* [none]
[debug] [2024-11-03T20:33:39.455Z] <<< [apiv2][status] GET https://firestore.googleapis.com/v1/projects/study-notes-app-464e1/databases/(default)/collectionGroups/-/indexes 200
[debug] [2024-11-03T20:33:39.456Z] <<< [apiv2][body] GET https://firestore.googleapis.com/v1/projects/study-notes-app-464e1/databases/(default)/collectionGroups/-/indexes {}
[debug] [2024-11-03T20:33:39.461Z] <<< [apiv2][status] GET https://firestore.googleapis.com/v1/projects/study-notes-app-464e1/databases/(default)/collectionGroups/-/fields?filter=indexConfig.usesAncestorConfig=false OR ttlConfig:* 200
[debug] [2024-11-03T20:33:39.462Z] <<< [apiv2][body] GET https://firestore.googleapis.com/v1/projects/study-notes-app-464e1/databases/(default)/collectionGroups/-/fields?filter=indexConfig.usesAncestorConfig=false OR ttlConfig:* {"fields":[{"name":"projects/study-notes-app-464e1/databases/(default)/collectionGroups/__default__/fields/*","indexConfig":{"indexes":[{"queryScope":"COLLECTION","fields":[{"fieldPath":"*","order":"ASCENDING"}],"state":"READY"},{"queryScope":"COLLECTION","fields":[{"fieldPath":"*","order":"DESCENDING"}],"state":"READY"},{"queryScope":"COLLECTION","fields":[{"fieldPath":"*","arrayConfig":"CONTAINS"}],"state":"READY"}]}}]}
[info] 
=== Genkit Setup
[debug] [2024-11-03T20:33:41.422Z] > command requires scopes: ["email","openid","https://www.googleapis.com/auth/cloudplatformprojects.readonly","https://www.googleapis.com/auth/firebase","https://www.googleapis.com/auth/cloud-platform"]
[debug] [2024-11-03T20:33:41.423Z] > authorizing via signed-in user (zahakh113@gmail.com)
[debug] [2024-11-03T20:33:41.423Z] [iam] checking project study-notes-app-464e1 for permissions ["firebase.projects.get"]
[debug] [2024-11-03T20:33:41.423Z] Checked if tokens are valid: true, expires at: 1730667054171
[debug] [2024-11-03T20:33:41.423Z] Checked if tokens are valid: true, expires at: 1730667054171
[debug] [2024-11-03T20:33:41.424Z] >>> [apiv2][query] POST https://cloudresourcemanager.googleapis.com/v1/projects/study-notes-app-464e1:testIamPermissions [none]
[debug] [2024-11-03T20:33:41.424Z] >>> [apiv2][(partial)header] POST https://cloudresourcemanager.googleapis.com/v1/projects/study-notes-app-464e1:testIamPermissions x-goog-quota-user=projects/study-notes-app-464e1
[debug] [2024-11-03T20:33:41.424Z] >>> [apiv2][body] POST https://cloudresourcemanager.googleapis.com/v1/projects/study-notes-app-464e1:testIamPermissions {"permissions":["firebase.projects.get"]}
[debug] [2024-11-03T20:33:43.015Z] <<< [apiv2][status] POST https://cloudresourcemanager.googleapis.com/v1/projects/study-notes-app-464e1:testIamPermissions 200
[debug] [2024-11-03T20:33:43.015Z] <<< [apiv2][body] POST https://cloudresourcemanager.googleapis.com/v1/projects/study-notes-app-464e1:testIamPermissions {"permissions":["firebase.projects.get"]}
[debug] [2024-11-03T20:33:43.016Z] Checked if tokens are valid: true, expires at: 1730667054171
[debug] [2024-11-03T20:33:43.016Z] Checked if tokens are valid: true, expires at: 1730667054171
[debug] [2024-11-03T20:33:43.017Z] Checked if tokens are valid: true, expires at: 1730667054171
[debug] [2024-11-03T20:33:43.017Z] Checked if tokens are valid: true, expires at: 1730667054171
[debug] [2024-11-03T20:33:43.017Z] >>> [apiv2][query] GET https://serviceusage.googleapis.com/v1/projects/study-notes-app-464e1/services/cloudfunctions.googleapis.com [none]
[debug] [2024-11-03T20:33:43.017Z] >>> [apiv2][(partial)header] GET https://serviceusage.googleapis.com/v1/projects/study-notes-app-464e1/services/cloudfunctions.googleapis.com x-goog-quota-user=projects/study-notes-app-464e1
[debug] [2024-11-03T20:33:43.021Z] >>> [apiv2][query] GET https://serviceusage.googleapis.com/v1/projects/study-notes-app-464e1/services/runtimeconfig.googleapis.com [none]
[debug] [2024-11-03T20:33:43.021Z] >>> [apiv2][(partial)header] GET https://serviceusage.googleapis.com/v1/projects/study-notes-app-464e1/services/runtimeconfig.googleapis.com x-goog-quota-user=projects/study-notes-app-464e1
[debug] [2024-11-03T20:33:45.824Z] <<< [apiv2][status] GET https://serviceusage.googleapis.com/v1/projects/study-notes-app-464e1/services/runtimeconfig.googleapis.com 200
[debug] [2024-11-03T20:33:45.824Z] <<< [apiv2][body] GET https://serviceusage.googleapis.com/v1/projects/study-notes-app-464e1/services/runtimeconfig.googleapis.com [omitted]
[debug] [2024-11-03T20:33:45.838Z] <<< [apiv2][status] GET https://serviceusage.googleapis.com/v1/projects/study-notes-app-464e1/services/cloudfunctions.googleapis.com 200
[debug] [2024-11-03T20:33:45.838Z] <<< [apiv2][body] GET https://serviceusage.googleapis.com/v1/projects/study-notes-app-464e1/services/cloudfunctions.googleapis.com [omitted]
[info] Let's create a new codebase for your functions.
[info] A directory corresponding to the codebase will be created in your project
[info] with sample code pre-configured.

[info] See https://firebase.google.com/docs/functions/organize-functions for
[info] more information on organizing your functions using codebases.

[info] Functions can be deployed with firebase deploy.

[info] +  Wrote functions/package.json 
[info] +  Wrote functions/.eslintrc.js 
[info] +  Wrote functions/tsconfig.json 
[info] +  Wrote functions/tsconfig.dev.json 
[info] +  Wrote functions/src/index.ts 
[info] +  Wrote functions/.gitignore 
[info] 
[info] Installing Genkit CLI
[info] Start the Genkit developer experience by running:
[info]     cd functions && genkit start
[info] 
=== Functions Setup
[debug] [2024-11-03T20:49:11.125Z] > command requires scopes: ["email","openid","https://www.googleapis.com/auth/cloudplatformprojects.readonly","https://www.googleapis.com/auth/firebase","https://www.googleapis.com/auth/cloud-platform"]
[debug] [2024-11-03T20:49:11.430Z] > authorizing via signed-in user (zahakh113@gmail.com)
[debug] [2024-11-03T20:49:11.499Z] [iam] checking project study-notes-app-464e1 for permissions ["firebase.projects.get"]
[debug] [2024-11-03T20:49:12.411Z] Checked if tokens are valid: false, expires at: 1730667054171
[debug] [2024-11-03T20:49:12.412Z] Checked if tokens are valid: false, expires at: 1730667054171
[debug] [2024-11-03T20:49:13.636Z] > refreshing access token with scopes: []
[debug] [2024-11-03T20:49:15.098Z] >>> [apiv2][query] POST https://www.googleapis.com/oauth2/v3/token [none]
[debug] [2024-11-03T20:49:15.098Z] >>> [apiv2][body] POST https://www.googleapis.com/oauth2/v3/token [omitted]
[debug] [2024-11-03T20:49:21.466Z] <<< [apiv2][status] POST https://www.googleapis.com/oauth2/v3/token 200
[debug] [2024-11-03T20:49:21.466Z] <<< [apiv2][body] POST https://www.googleapis.com/oauth2/v3/token [omitted]
[debug] [2024-11-03T20:49:24.130Z] >>> [apiv2][query] POST https://cloudresourcemanager.googleapis.com/v1/projects/study-notes-app-464e1:testIamPermissions [none]
[debug] [2024-11-03T20:49:24.130Z] >>> [apiv2][(partial)header] POST https://cloudresourcemanager.googleapis.com/v1/projects/study-notes-app-464e1:testIamPermissions x-goog-quota-user=projects/study-notes-app-464e1
[debug] [2024-11-03T20:49:24.132Z] >>> [apiv2][body] POST https://cloudresourcemanager.googleapis.com/v1/projects/study-notes-app-464e1:testIamPermissions {"permissions":["firebase.projects.get"]}
[debug] [2024-11-03T20:49:26.182Z] <<< [apiv2][status] POST https://cloudresourcemanager.googleapis.com/v1/projects/study-notes-app-464e1:testIamPermissions 200
[debug] [2024-11-03T20:49:26.182Z] <<< [apiv2][body] POST https://cloudresourcemanager.googleapis.com/v1/projects/study-notes-app-464e1:testIamPermissions {"permissions":["firebase.projects.get"]}
[debug] [2024-11-03T20:49:26.379Z] Checked if tokens are valid: true, expires at: 1730670560587
[debug] [2024-11-03T20:49:26.379Z] Checked if tokens are valid: true, expires at: 1730670560587
[debug] [2024-11-03T20:49:26.380Z] Checked if tokens are valid: true, expires at: 1730670560587
[debug] [2024-11-03T20:49:26.381Z] Checked if tokens are valid: true, expires at: 1730670560587
[debug] [2024-11-03T20:49:26.381Z] >>> [apiv2][query] GET https://serviceusage.googleapis.com/v1/projects/study-notes-app-464e1/services/cloudfunctions.googleapis.com [none]
[debug] [2024-11-03T20:49:26.381Z] >>> [apiv2][(partial)header] GET https://serviceusage.googleapis.com/v1/projects/study-notes-app-464e1/services/cloudfunctions.googleapis.com x-goog-quota-user=projects/study-notes-app-464e1
[debug] [2024-11-03T20:49:26.384Z] >>> [apiv2][query] GET https://serviceusage.googleapis.com/v1/projects/study-notes-app-464e1/services/runtimeconfig.googleapis.com [none]
[debug] [2024-11-03T20:49:26.384Z] >>> [apiv2][(partial)header] GET https://serviceusage.googleapis.com/v1/projects/study-notes-app-464e1/services/runtimeconfig.googleapis.com x-goog-quota-user=projects/study-notes-app-464e1
[debug] [2024-11-03T20:49:30.625Z] <<< [apiv2][status] GET https://serviceusage.googleapis.com/v1/projects/study-notes-app-464e1/services/cloudfunctions.googleapis.com 200
[debug] [2024-11-03T20:49:30.626Z] <<< [apiv2][body] GET https://serviceusage.googleapis.com/v1/projects/study-notes-app-464e1/services/cloudfunctions.googleapis.com [omitted]
[debug] [2024-11-03T20:49:30.626Z] <<< [apiv2][status] GET https://serviceusage.googleapis.com/v1/projects/study-notes-app-464e1/services/runtimeconfig.googleapis.com 200
[debug] [2024-11-03T20:49:30.627Z] <<< [apiv2][body] GET https://serviceusage.googleapis.com/v1/projects/study-notes-app-464e1/services/runtimeconfig.googleapis.com [omitted]
[info] 
Detected existing codebase(s): default

[info] Let's create a new codebase for your functions.
[info] A directory corresponding to the codebase will be created in your project
[info] with sample code pre-configured.

[info] See https://firebase.google.com/docs/functions/organize-functions for
[info] more information on organizing your functions using codebases.

[info] Functions can be deployed with firebase deploy.

[error] Invalid codebase name. Codebase must be less than 64 characters and can contain only lowercase letters, numeric characters, underscores, and dashes.
[info] +  Wrote study-notes/package.json 
[info] +  Wrote study-notes/.eslintrc.js 
[info] +  Wrote study-notes/index.js 
[info] +  Wrote study-notes/.gitignore 
